<?xml version="1.0" encoding="UTF-8"?>
<!-- Generated by org.testng.reporters.JUnitXMLReporter -->
<testsuite hostname="avinash-PC" ignored="0" name="Default test" tests="6" failures="1" timestamp="03 Sep 2020 07:50:49 GMT" time="53.918" errors="0">
  <testcase name="tc_06" time="0.479" classname="com.homepage.options.CheckRegistration_Option">
    <failure type="java.lang.NullPointerException">
      <![CDATA[java.lang.NullPointerException
at com.goibibo.keywords.Keywords.getWebelement(Keywords.java:180)
at com.goibibo.keywords.Keywords.clickOnElement(Keywords.java:273)
at com.homepage.options.CheckRegistration_Option.tc_06(CheckRegistration_Option.java:48)
at sun.reflect.NativeMethodAccessorImpl.invoke0(Native Method)
at sun.reflect.NativeMethodAccessorImpl.invoke(NativeMethodAccessorImpl.java:62)
at sun.reflect.DelegatingMethodAccessorImpl.invoke(DelegatingMethodAccessorImpl.java:43)
at java.lang.reflect.Method.invoke(Method.java:498)
at org.testng.internal.MethodInvocationHelper.invokeMethod(MethodInvocationHelper.java:124)
at org.testng.internal.Invoker.invokeMethod(Invoker.java:583)
at org.testng.internal.Invoker.invokeTestMethod(Invoker.java:719)
at org.testng.internal.Invoker.invokeTestMethods(Invoker.java:989)
at org.testng.internal.TestMethodWorker.invokeTestMethods(TestMethodWorker.java:125)
at org.testng.internal.TestMethodWorker.run(TestMethodWorker.java:109)
at org.testng.TestRunner.privateRun(TestRunner.java:648)
at org.testng.TestRunner.run(TestRunner.java:505)
at org.testng.SuiteRunner.runTest(SuiteRunner.java:455)
at org.testng.SuiteRunner.runSequentially(SuiteRunner.java:450)
at org.testng.SuiteRunner.privateRun(SuiteRunner.java:415)
at org.testng.SuiteRunner.run(SuiteRunner.java:364)
at org.testng.SuiteRunnerWorker.runSuite(SuiteRunnerWorker.java:52)
at org.testng.SuiteRunnerWorker.run(SuiteRunnerWorker.java:84)
at org.testng.TestNG.runSuitesSequentially(TestNG.java:1208)
at org.testng.TestNG.runSuitesLocally(TestNG.java:1137)
at org.testng.TestNG.runSuites(TestNG.java:1049)
at org.testng.TestNG.run(TestNG.java:1017)
at org.testng.remote.AbstractRemoteTestNG.run(AbstractRemoteTestNG.java:114)
at org.testng.remote.RemoteTestNG.initAndRun(RemoteTestNG.java:251)
at org.testng.remote.RemoteTestNG.main(RemoteTestNG.java:77)
]]>
    </failure>
  </testcase> <!-- tc_06 -->
  <testcase name="tc_01" time="50.733" classname="com.homepage.options.CheckRegistration_Option"/>
  <testcase name="tc_02" time="0.837" classname="com.homepage.options.CheckRegistration_Option"/>
  <testcase name="tc_03" time="1.044" classname="com.homepage.options.CheckRegistration_Option"/>
  <testcase name="tc_04" time="0.436" classname="com.homepage.options.CheckRegistration_Option"/>
  <testcase name="tc_05" time="0.221" classname="com.homepage.options.CheckRegistration_Option"/>
</testsuite> <!-- Default test -->
