<?xml version="1.0" encoding="UTF-8"?>
<testng-results skipped="0" failed="1" ignored="0" total="6" passed="5">
  <reporter-output>
  </reporter-output>
  <suite name="Default suite" duration-ms="53918" started-at="2020-09-03T07:49:54Z" finished-at="2020-09-03T07:50:48Z">
    <groups>
    </groups>
    <test name="Default test" duration-ms="53918" started-at="2020-09-03T07:49:54Z" finished-at="2020-09-03T07:50:48Z">
      <class name="com.homepage.options.CheckRegistration_Option">
        <test-method status="FAIL" signature="tc_06()[pri:0, instance:com.homepage.options.CheckRegistration_Option@4501b7af]" name="tc_06" duration-ms="479" started-at="2020-09-03T07:49:54Z" description="Click on search button" finished-at="2020-09-03T07:49:55Z">
          <exception class="java.lang.NullPointerException">
            <full-stacktrace>
              <![CDATA[java.lang.NullPointerException
at com.goibibo.keywords.Keywords.getWebelement(Keywords.java:180)
at com.goibibo.keywords.Keywords.clickOnElement(Keywords.java:273)
at com.homepage.options.CheckRegistration_Option.tc_06(CheckRegistration_Option.java:48)
at sun.reflect.NativeMethodAccessorImpl.invoke0(Native Method)
at sun.reflect.NativeMethodAccessorImpl.invoke(NativeMethodAccessorImpl.java:62)
at sun.reflect.DelegatingMethodAccessorImpl.invoke(DelegatingMethodAccessorImpl.java:43)
at java.lang.reflect.Method.invoke(Method.java:498)
at org.testng.internal.MethodInvocationHelper.invokeMethod(MethodInvocationHelper.java:124)
at org.testng.internal.Invoker.invokeMethod(Invoker.java:583)
at org.testng.internal.Invoker.invokeTestMethod(Invoker.java:719)
at org.testng.internal.Invoker.invokeTestMethods(Invoker.java:989)
at org.testng.internal.TestMethodWorker.invokeTestMethods(TestMethodWorker.java:125)
at org.testng.internal.TestMethodWorker.run(TestMethodWorker.java:109)
at org.testng.TestRunner.privateRun(TestRunner.java:648)
at org.testng.TestRunner.run(TestRunner.java:505)
at org.testng.SuiteRunner.runTest(SuiteRunner.java:455)
at org.testng.SuiteRunner.runSequentially(SuiteRunner.java:450)
at org.testng.SuiteRunner.privateRun(SuiteRunner.java:415)
at org.testng.SuiteRunner.run(SuiteRunner.java:364)
at org.testng.SuiteRunnerWorker.runSuite(SuiteRunnerWorker.java:52)
at org.testng.SuiteRunnerWorker.run(SuiteRunnerWorker.java:84)
at org.testng.TestNG.runSuitesSequentially(TestNG.java:1208)
at org.testng.TestNG.runSuitesLocally(TestNG.java:1137)
at org.testng.TestNG.runSuites(TestNG.java:1049)
at org.testng.TestNG.run(TestNG.java:1017)
at org.testng.remote.AbstractRemoteTestNG.run(AbstractRemoteTestNG.java:114)
at org.testng.remote.RemoteTestNG.initAndRun(RemoteTestNG.java:251)
at org.testng.remote.RemoteTestNG.main(RemoteTestNG.java:77)
]]>
            </full-stacktrace>
          </exception> <!-- java.lang.NullPointerException -->
          <reporter-output>
          </reporter-output>
        </test-method> <!-- tc_06 -->
        <test-method status="PASS" signature="tc_01()[pri:1, instance:com.homepage.options.CheckRegistration_Option@4501b7af]" name="tc_01" duration-ms="50733" started-at="2020-09-03T07:49:55Z" description="VerifyTextBoxLabel : for src textbox" finished-at="2020-09-03T07:50:46Z">
          <reporter-output>
          </reporter-output>
        </test-method> <!-- tc_01 -->
        <test-method status="PASS" signature="tc_02()[pri:2, instance:com.homepage.options.CheckRegistration_Option@4501b7af]" name="tc_02" duration-ms="837" started-at="2020-09-03T07:50:46Z" description="VerifyTextBoxLabel : for dest textbox" depends-on-methods="com.homepage.options.CheckRegistration_Option.tc_01" finished-at="2020-09-03T07:50:47Z">
          <reporter-output>
          </reporter-output>
        </test-method> <!-- tc_02 -->
        <test-method status="PASS" signature="tc_03()[pri:3, instance:com.homepage.options.CheckRegistration_Option@4501b7af]" name="tc_03" duration-ms="1044" started-at="2020-09-03T07:50:47Z" description="VerifyTextBoxLabel : for departure textbox" depends-on-methods="com.homepage.options.CheckRegistration_Option.tc_01, com.homepage.options.CheckRegistration_Option.tc_02" finished-at="2020-09-03T07:50:48Z">
          <reporter-output>
          </reporter-output>
        </test-method> <!-- tc_03 -->
        <test-method status="PASS" signature="tc_04()[pri:4, instance:com.homepage.options.CheckRegistration_Option@4501b7af]" name="tc_04" duration-ms="436" started-at="2020-09-03T07:50:48Z" description="VerifyTextBoxLabel : for rturn textbox" depends-on-methods="com.homepage.options.CheckRegistration_Option.tc_03" finished-at="2020-09-03T07:50:48Z">
          <reporter-output>
          </reporter-output>
        </test-method> <!-- tc_04 -->
        <test-method status="PASS" signature="tc_05()[pri:5, instance:com.homepage.options.CheckRegistration_Option@4501b7af]" name="tc_05" duration-ms="221" started-at="2020-09-03T07:50:48Z" description="VerifyTextBoxLabel : for Traveller,economy textbox" finished-at="2020-09-03T07:50:48Z">
          <reporter-output>
          </reporter-output>
        </test-method> <!-- tc_05 -->
      </class> <!-- com.homepage.options.CheckRegistration_Option -->
    </test> <!-- Default test -->
  </suite> <!-- Default suite -->
</testng-results>
